<?xml version="1.0" encoding="UTF-8"?>
<!-- Generated by org.testng.reporters.JUnitXMLReporter -->
<testsuite hostname="VashisthaM-PC" ignored="0" name="Mission Group Test Cases" tests="2" failures="0" timestamp="20 May 2021 07:38:30 GMT" time="59.124" errors="0">
  <testcase name="setUp" time="29.261" classname="com.missiongroup.qa.testcases.PropertyManagerHomePageTest"/>
  <testcase name="SendCommunication" time="29.836" classname="com.missiongroup.qa.testcases.PropertyManagerHomePageTest"/>
</testsuite> <!-- Mission Group Test Cases -->
